{"F:\\sprint-12-cine-stream\\src\\api\\tmdb.js": {"path":"F:\\sprint-12-cine-stream\\src\\api\\tmdb.js","statementMap":{"0":{"start":{"line":4,"column":13},"end":{"line":4,"column":35}},"1":{"start":{"line":71,"column":13},"end":{"line":71,"column":33}},"2":{"start":{"line":22,"column":13},"end":{"line":22,"column":34}},"3":{"start":{"line":6,"column":13},"end":{"line":6,"column":28}},"4":{"start":{"line":46,"column":13},"end":{"line":46,"column":28}},"5":{"start":{"line":1,"column":21},"end":{"line":1,"column":null}},"6":{"start":{"line":2,"column":22},"end":{"line":2,"column":null}},"7":{"start":{"line":4,"column":35},"end":{"line":4,"column":null}},"8":{"start":{"line":6,"column":28},"end":{"line":10,"column":null}},"9":{"start":{"line":7,"column":2},"end":{"line":7,"column":null}},"10":{"start":{"line":7,"column":43},"end":{"line":7,"column":null}},"11":{"start":{"line":8,"column":2},"end":{"line":8,"column":null}},"12":{"start":{"line":8,"column":37},"end":{"line":8,"column":null}},"13":{"start":{"line":9,"column":2},"end":{"line":9,"column":null}},"14":{"start":{"line":12,"column":24},"end":{"line":18,"column":null}},"15":{"start":{"line":12,"column":35},"end":{"line":18,"column":null}},"16":{"start":{"line":20,"column":23},"end":{"line":20,"column":null}},"17":{"start":{"line":22,"column":34},"end":{"line":44,"column":null}},"18":{"start":{"line":23,"column":2},"end":{"line":41,"column":null}},"19":{"start":{"line":24,"column":23},"end":{"line":24,"column":73}},"20":{"start":{"line":25,"column":18},"end":{"line":25,"column":44}},"21":{"start":{"line":26,"column":20},"end":{"line":26,"column":null}},"22":{"start":{"line":28,"column":16},"end":{"line":28,"column":116}},"23":{"start":{"line":29,"column":16},"end":{"line":29,"column":null}},"24":{"start":{"line":30,"column":17},"end":{"line":30,"column":null}},"25":{"start":{"line":32,"column":4},"end":{"line":38,"column":null}},"26":{"start":{"line":33,"column":6},"end":{"line":37,"column":null}},"27":{"start":{"line":40,"column":4},"end":{"line":40,"column":null}},"28":{"start":{"line":43,"column":2},"end":{"line":43,"column":null}},"29":{"start":{"line":46,"column":28},"end":{"line":69,"column":null}},"30":{"start":{"line":47,"column":2},"end":{"line":49,"column":null}},"31":{"start":{"line":48,"column":4},"end":{"line":48,"column":null}},"32":{"start":{"line":51,"column":2},"end":{"line":66,"column":null}},"33":{"start":{"line":52,"column":16},"end":{"line":52,"column":120}},"34":{"start":{"line":53,"column":16},"end":{"line":53,"column":null}},"35":{"start":{"line":54,"column":17},"end":{"line":54,"column":null}},"36":{"start":{"line":56,"column":4},"end":{"line":63,"column":null}},"37":{"start":{"line":57,"column":20},"end":{"line":57,"column":null}},"38":{"start":{"line":58,"column":6},"end":{"line":62,"column":null}},"39":{"start":{"line":65,"column":4},"end":{"line":65,"column":null}},"40":{"start":{"line":68,"column":2},"end":{"line":68,"column":null}},"41":{"start":{"line":71,"column":33},"end":{"line":101,"column":null}},"42":{"start":{"line":72,"column":2},"end":{"line":72,"column":null}},"43":{"start":{"line":72,"column":50},"end":{"line":72,"column":null}},"44":{"start":{"line":74,"column":2},"end":{"line":98,"column":null}},"45":{"start":{"line":75,"column":16},"end":{"line":75,"column":96}},"46":{"start":{"line":76,"column":16},"end":{"line":76,"column":null}},"47":{"start":{"line":77,"column":17},"end":{"line":77,"column":null}},"48":{"start":{"line":79,"column":4},"end":{"line":95,"column":null}},"49":{"start":{"line":80,"column":6},"end":{"line":94,"column":null}},"50":{"start":{"line":97,"column":4},"end":{"line":97,"column":null}},"51":{"start":{"line":100,"column":2},"end":{"line":100,"column":null}}},"fnMap":{"0":{"name":"(anonymous_6)","decl":{"start":{"line":6,"column":28},"end":{"line":6,"column":29}},"loc":{"start":{"line":6,"column":29},"end":{"line":10,"column":null}}},"1":{"name":"(anonymous_7)","decl":{"start":{"line":12,"column":24},"end":{"line":12,"column":25}},"loc":{"start":{"line":12,"column":35},"end":{"line":18,"column":null}}},"2":{"name":"(anonymous_8)","decl":{"start":{"line":22,"column":34},"end":{"line":22,"column":41}},"loc":{"start":{"line":22,"column":49},"end":{"line":44,"column":null}}},"3":{"name":"(anonymous_9)","decl":{"start":{"line":46,"column":28},"end":{"line":46,"column":35}},"loc":{"start":{"line":46,"column":50},"end":{"line":69,"column":null}}},"4":{"name":"(anonymous_10)","decl":{"start":{"line":71,"column":33},"end":{"line":71,"column":40}},"loc":{"start":{"line":71,"column":40},"end":{"line":101,"column":null}}}},"branchMap":{"0":{"loc":{"start":{"line":1,"column":21},"end":{"line":1,"column":null}},"type":"binary-expr","locations":[{"start":{"line":1,"column":21},"end":{"line":1,"column":69}},{"start":{"line":1,"column":69},"end":{"line":1,"column":null}}]},"1":{"loc":{"start":{"line":7,"column":2},"end":{"line":7,"column":null}},"type":"if","locations":[{"start":{"line":7,"column":2},"end":{"line":7,"column":null}},{"start":{},"end":{}}]},"2":{"loc":{"start":{"line":7,"column":6},"end":{"line":7,"column":43}},"type":"binary-expr","locations":[{"start":{"line":7,"column":6},"end":{"line":7,"column":21}},{"start":{"line":7,"column":21},"end":{"line":7,"column":43}}]},"3":{"loc":{"start":{"line":8,"column":2},"end":{"line":8,"column":null}},"type":"if","locations":[{"start":{"line":8,"column":2},"end":{"line":8,"column":null}},{"start":{},"end":{}}]},"4":{"loc":{"start":{"line":16,"column":15},"end":{"line":16,"column":null}},"type":"cond-expr","locations":[{"start":{"line":16,"column":54},"end":{"line":16,"column":65}},{"start":{"line":16,"column":68},"end":{"line":16,"column":null}}]},"5":{"loc":{"start":{"line":16,"column":15},"end":{"line":16,"column":54}},"type":"binary-expr","locations":[{"start":{"line":16,"column":15},"end":{"line":16,"column":26}},{"start":{"line":16,"column":30},"end":{"line":16,"column":54}}]},"6":{"loc":{"start":{"line":22,"column":41},"end":{"line":22,"column":49}},"type":"default-arg","locations":[{"start":{"line":22,"column":48},"end":{"line":22,"column":49}}]},"7":{"loc":{"start":{"line":32,"column":4},"end":{"line":38,"column":null}},"type":"if","locations":[{"start":{"line":32,"column":4},"end":{"line":38,"column":null}},{"start":{},"end":{}}]},"8":{"loc":{"start":{"line":32,"column":8},"end":{"line":32,"column":27}},"type":"binary-expr","locations":[{"start":{"line":32,"column":8},"end":{"line":32,"column":16}},{"start":{"line":32,"column":16},"end":{"line":32,"column":27}}]},"9":{"loc":{"start":{"line":46,"column":42},"end":{"line":46,"column":50}},"type":"default-arg","locations":[{"start":{"line":46,"column":49},"end":{"line":46,"column":50}}]},"10":{"loc":{"start":{"line":47,"column":2},"end":{"line":49,"column":null}},"type":"if","locations":[{"start":{"line":47,"column":2},"end":{"line":49,"column":null}},{"start":{},"end":{}}]},"11":{"loc":{"start":{"line":47,"column":6},"end":{"line":47,"column":31}},"type":"binary-expr","locations":[{"start":{"line":47,"column":6},"end":{"line":47,"column":16}},{"start":{"line":47,"column":16},"end":{"line":47,"column":31}}]},"12":{"loc":{"start":{"line":56,"column":4},"end":{"line":63,"column":null}},"type":"if","locations":[{"start":{"line":56,"column":4},"end":{"line":63,"column":null}},{"start":{},"end":{}}]},"13":{"loc":{"start":{"line":56,"column":8},"end":{"line":56,"column":27}},"type":"binary-expr","locations":[{"start":{"line":56,"column":8},"end":{"line":56,"column":16}},{"start":{"line":56,"column":16},"end":{"line":56,"column":27}}]},"14":{"loc":{"start":{"line":57,"column":20},"end":{"line":57,"column":null}},"type":"binary-expr","locations":[{"start":{"line":57,"column":20},"end":{"line":57,"column":55}},{"start":{"line":57,"column":55},"end":{"line":57,"column":null}}]},"15":{"loc":{"start":{"line":72,"column":2},"end":{"line":72,"column":null}},"type":"if","locations":[{"start":{"line":72,"column":2},"end":{"line":72,"column":null}},{"start":{},"end":{}}]},"16":{"loc":{"start":{"line":72,"column":6},"end":{"line":72,"column":50}},"type":"binary-expr","locations":[{"start":{"line":72,"column":6},"end":{"line":72,"column":13}},{"start":{"line":72,"column":13},"end":{"line":72,"column":35}},{"start":{"line":72,"column":35},"end":{"line":72,"column":50}}]},"17":{"loc":{"start":{"line":79,"column":4},"end":{"line":95,"column":null}},"type":"if","locations":[{"start":{"line":79,"column":4},"end":{"line":95,"column":null}},{"start":{},"end":{}}]},"18":{"loc":{"start":{"line":79,"column":8},"end":{"line":79,"column":43}},"type":"binary-expr","locations":[{"start":{"line":79,"column":8},"end":{"line":79,"column":16}},{"start":{"line":79,"column":16},"end":{"line":79,"column":43}}]},"19":{"loc":{"start":{"line":91,"column":21},"end":{"line":91,"column":null}},"type":"cond-expr","locations":[{"start":{"line":91,"column":45},"end":{"line":91,"column":56}},{"start":{"line":91,"column":59},"end":{"line":91,"column":null}}]}},"s":{"0":0,"1":1,"2":1,"3":8,"4":2,"5":2,"6":2,"7":2,"8":2,"9":8,"10":3,"11":5,"12":1,"13":4,"14":2,"15":2,"16":2,"17":2,"18":1,"19":1,"20":1,"21":1,"22":1,"23":1,"24":1,"25":1,"26":1,"27":0,"28":0,"29":2,"30":2,"31":1,"32":1,"33":1,"34":1,"35":1,"36":1,"37":1,"38":1,"39":0,"40":0,"41":2,"42":1,"43":0,"44":1,"45":1,"46":1,"47":1,"48":1,"49":1,"50":0,"51":0},"f":{"0":8,"1":2,"2":1,"3":2,"4":1},"b":{"0":[2,2],"1":[3,5],"2":[8,6],"3":[1,4],"4":[2,0],"5":[2,2],"6":[0],"7":[1,0],"8":[1,1],"9":[2],"10":[1,1],"11":[2,1],"12":[1,0],"13":[1,1],"14":[1,0],"15":[0,1],"16":[1,1,1],"17":[1,0],"18":[1,1],"19":[1,0]}}
,"F:\\sprint-12-cine-stream\\src\\components\\FilterSidebar.jsx": {"path":"F:\\sprint-12-cine-stream\\src\\components\\FilterSidebar.jsx","statementMap":{"0":{"start":{"line":26,"column":13},"end":{"line":26,"column":29}},"1":{"start":{"line":3,"column":41},"end":{"line":3,"column":null}},"2":{"start":{"line":10,"column":7},"end":{"line":10,"column":null}},"3":{"start":{"line":11,"column":56},"end":{"line":11,"column":null}},"4":{"start":{"line":13,"column":15},"end":{"line":22,"column":null}},"5":{"start":{"line":24,"column":14},"end":{"line":24,"column":null}},"6":{"start":{"line":24,"column":62},"end":{"line":24,"column":80}},"7":{"start":{"line":26,"column":29},"end":{"line":130,"column":null}},"8":{"start":{"line":27,"column":19},"end":{"line":27,"column":null}},"9":{"start":{"line":29,"column":61},"end":{"line":30,"column":null}},"10":{"start":{"line":30,"column":15},"end":{"line":30,"column":28}},"11":{"start":{"line":41,"column":25},"end":{"line":41,"column":null}},"12":{"start":{"line":56,"column":12},"end":{"line":57,"column":null}},"13":{"start":{"line":58,"column":29},"end":{"line":58,"column":null}},"14":{"start":{"line":77,"column":27},"end":{"line":77,"column":null}},"15":{"start":{"line":82,"column":31},"end":{"line":82,"column":44}},"16":{"start":{"line":83,"column":12},"end":{"line":83,"column":29}},"17":{"start":{"line":107,"column":27},"end":{"line":107,"column":null}},"18":{"start":{"line":119,"column":27},"end":{"line":119,"column":null}}},"fnMap":{"0":{"name":"(anonymous_1)","decl":{"start":{"line":24,"column":52},"end":{"line":24,"column":53}},"loc":{"start":{"line":24,"column":62},"end":{"line":24,"column":80}}},"1":{"name":"(anonymous_2)","decl":{"start":{"line":26,"column":29},"end":{"line":26,"column":null}},"loc":{"start":{"line":26,"column":29},"end":{"line":130,"column":null}}},"2":{"name":"(anonymous_3)","decl":{"start":{"line":30,"column":4},"end":{"line":30,"column":5}},"loc":{"start":{"line":30,"column":15},"end":{"line":30,"column":28}}},"3":{"name":"(anonymous_4)","decl":{"start":{"line":41,"column":19},"end":{"line":41,"column":25}},"loc":{"start":{"line":41,"column":25},"end":{"line":41,"column":null}}},"4":{"name":"(anonymous_5)","decl":{"start":{"line":55,"column":22},"end":{"line":55,"column":23}},"loc":{"start":{"line":56,"column":12},"end":{"line":57,"column":null}}},"5":{"name":"(anonymous_6)","decl":{"start":{"line":58,"column":23},"end":{"line":58,"column":29}},"loc":{"start":{"line":58,"column":29},"end":{"line":58,"column":null}}},"6":{"name":"(anonymous_7)","decl":{"start":{"line":77,"column":20},"end":{"line":77,"column":21}},"loc":{"start":{"line":77,"column":27},"end":{"line":77,"column":null}}},"7":{"name":"(anonymous_8)","decl":{"start":{"line":82,"column":24},"end":{"line":82,"column":25}},"loc":{"start":{"line":82,"column":31},"end":{"line":82,"column":44}}},"8":{"name":"(anonymous_9)","decl":{"start":{"line":82,"column":48},"end":{"line":82,"column":49}},"loc":{"start":{"line":83,"column":12},"end":{"line":83,"column":29}}},"9":{"name":"(anonymous_10)","decl":{"start":{"line":107,"column":20},"end":{"line":107,"column":21}},"loc":{"start":{"line":107,"column":27},"end":{"line":107,"column":null}}},"10":{"name":"(anonymous_11)","decl":{"start":{"line":119,"column":20},"end":{"line":119,"column":21}},"loc":{"start":{"line":119,"column":27},"end":{"line":119,"column":null}}}},"branchMap":{"0":{"loc":{"start":{"line":61,"column":39},"end":{"line":61,"column":83}},"type":"cond-expr","locations":[{"start":{"line":61,"column":68},"end":{"line":61,"column":79}},{"start":{"line":61,"column":79},"end":{"line":61,"column":83}}]},"1":{"loc":{"start":{"line":96,"column":13},"end":{"line":96,"column":null}},"type":"cond-expr","locations":[{"start":{"line":96,"column":29},"end":{"line":96,"column":46}},{"start":{"line":96,"column":49},"end":{"line":96,"column":null}}]}},"s":{"0":2,"1":2,"2":2,"3":2,"4":2,"5":2,"6":112,"7":2,"8":5,"9":5,"10":10,"11":1,"12":40,"13":1,"14":1,"15":285,"16":280,"17":0,"18":0},"f":{"0":112,"1":5,"2":10,"3":1,"4":40,"5":1,"6":1,"7":285,"8":280,"9":0,"10":0},"b":{"0":[5,35],"1":[0,5]}}
,"F:\\sprint-12-cine-stream\\src\\components\\MovieCard.jsx": {"path":"F:\\sprint-12-cine-stream\\src\\components\\MovieCard.jsx","statementMap":{"0":{"start":{"line":10,"column":13},"end":{"line":10,"column":25}},"1":{"start":{"line":3,"column":25},"end":{"line":3,"column":null}},"2":{"start":{"line":4,"column":17},"end":{"line":4,"column":null}},"3":{"start":{"line":5,"column":34},"end":{"line":5,"column":null}},"4":{"start":{"line":6,"column":29},"end":{"line":6,"column":null}},"5":{"start":{"line":7,"column":41},"end":{"line":7,"column":null}},"6":{"start":{"line":8,"column":31},"end":{"line":8,"column":null}},"7":{"start":{"line":10,"column":25},"end":{"line":96,"column":null}},"8":{"start":{"line":11,"column":34},"end":{"line":11,"column":null}},"9":{"start":{"line":12,"column":19},"end":{"line":12,"column":null}},"10":{"start":{"line":14,"column":20},"end":{"line":14,"column":null}},"11":{"start":{"line":14,"column":43},"end":{"line":14,"column":71}},"12":{"start":{"line":15,"column":18},"end":{"line":15,"column":null}},"13":{"start":{"line":16,"column":21},"end":{"line":16,"column":null}},"14":{"start":{"line":16,"column":43},"end":{"line":16,"column":null}},"15":{"start":{"line":18,"column":20},"end":{"line":18,"column":null}},"16":{"start":{"line":20,"column":22},"end":{"line":22,"column":null}},"17":{"start":{"line":24,"column":17},"end":{"line":26,"column":null}},"18":{"start":{"line":28,"column":30},"end":{"line":34,"column":null}},"19":{"start":{"line":29,"column":4},"end":{"line":29,"column":null}},"20":{"start":{"line":30,"column":4},"end":{"line":30,"column":null}},"21":{"start":{"line":31,"column":4},"end":{"line":33,"column":null}},"22":{"start":{"line":32,"column":6},"end":{"line":32,"column":null}},"23":{"start":{"line":36,"column":2},"end":{"line":36,"column":null}},"24":{"start":{"line":36,"column":16},"end":{"line":36,"column":null}},"25":{"start":{"line":56,"column":29},"end":{"line":56,"column":null}}},"fnMap":{"0":{"name":"(anonymous_2)","decl":{"start":{"line":10,"column":25},"end":{"line":10,"column":26}},"loc":{"start":{"line":10,"column":35},"end":{"line":96,"column":null}}},"1":{"name":"(anonymous_3)","decl":{"start":{"line":14,"column":32},"end":{"line":14,"column":33}},"loc":{"start":{"line":14,"column":43},"end":{"line":14,"column":71}}},"2":{"name":"(anonymous_4)","decl":{"start":{"line":16,"column":36},"end":{"line":16,"column":37}},"loc":{"start":{"line":16,"column":43},"end":{"line":16,"column":null}}},"3":{"name":"(anonymous_5)","decl":{"start":{"line":28,"column":30},"end":{"line":28,"column":31}},"loc":{"start":{"line":28,"column":31},"end":{"line":34,"column":null}}},"4":{"name":"(anonymous_6)","decl":{"start":{"line":56,"column":23},"end":{"line":56,"column":29}},"loc":{"start":{"line":56,"column":29},"end":{"line":56,"column":null}}}},"branchMap":{"0":{"loc":{"start":{"line":14,"column":43},"end":{"line":14,"column":71}},"type":"binary-expr","locations":[{"start":{"line":14,"column":43},"end":{"line":14,"column":69}},{"start":{"line":14,"column":69},"end":{"line":14,"column":71}}]},"1":{"loc":{"start":{"line":15,"column":18},"end":{"line":15,"column":null}},"type":"binary-expr","locations":[{"start":{"line":15,"column":18},"end":{"line":15,"column":31}},{"start":{"line":15,"column":31},"end":{"line":15,"column":null}}]},"2":{"loc":{"start":{"line":20,"column":22},"end":{"line":22,"column":null}},"type":"cond-expr","locations":[{"start":{"line":21,"column":6},"end":{"line":21,"column":null}},{"start":{"line":22,"column":6},"end":{"line":22,"column":null}}]},"3":{"loc":{"start":{"line":21,"column":6},"end":{"line":21,"column":null}},"type":"binary-expr","locations":[{"start":{"line":21,"column":6},"end":{"line":21,"column":52}},{"start":{"line":21,"column":52},"end":{"line":21,"column":null}}]},"4":{"loc":{"start":{"line":24,"column":17},"end":{"line":26,"column":null}},"type":"cond-expr","locations":[{"start":{"line":25,"column":6},"end":{"line":25,"column":null}},{"start":{"line":26,"column":6},"end":{"line":26,"column":null}}]},"5":{"loc":{"start":{"line":31,"column":4},"end":{"line":33,"column":null}},"type":"if","locations":[{"start":{"line":31,"column":4},"end":{"line":33,"column":null}},{"start":{},"end":{}}]},"6":{"loc":{"start":{"line":36,"column":2},"end":{"line":36,"column":null}},"type":"if","locations":[{"start":{"line":36,"column":2},"end":{"line":36,"column":null}},{"start":{},"end":{}}]},"7":{"loc":{"start":{"line":43,"column":40},"end":{"line":43,"column":65}},"type":"binary-expr","locations":[{"start":{"line":43,"column":40},"end":{"line":43,"column":56}},{"start":{"line":43,"column":56},"end":{"line":43,"column":65}}]},"8":{"loc":{"start":{"line":48,"column":12},"end":{"line":59,"column":13}},"type":"cond-expr","locations":[{"start":{"line":48,"column":12},"end":{"line":59,"column":13}}]},"9":{"loc":{"start":{"line":47,"column":11},"end":{"line":47,"column":null}},"type":"binary-expr","locations":[{"start":{"line":47,"column":11},"end":{"line":47,"column":24}},{"start":{"line":47,"column":24},"end":{"line":47,"column":null}}]},"10":{"loc":{"start":{"line":50,"column":22},"end":{"line":50,"column":46}},"type":"binary-expr","locations":[{"start":{"line":50,"column":22},"end":{"line":50,"column":38}},{"start":{"line":50,"column":38},"end":{"line":50,"column":46}}]},"11":{"loc":{"start":{"line":67,"column":39},"end":{"line":67,"column":76}},"type":"cond-expr","locations":[{"start":{"line":67,"column":52},"end":{"line":67,"column":72}},{"start":{"line":67,"column":72},"end":{"line":67,"column":76}}]},"12":{"loc":{"start":{"line":68,"column":19},"end":{"line":68,"column":null}},"type":"cond-expr","locations":[{"start":{"line":68,"column":32},"end":{"line":68,"column":58}},{"start":{"line":68,"column":58},"end":{"line":68,"column":null}}]},"13":{"loc":{"start":{"line":69,"column":24},"end":{"line":69,"column":113}},"type":"cond-expr","locations":[{"start":{"line":69,"column":37},"end":{"line":69,"column":76}},{"start":{"line":69,"column":79},"end":{"line":69,"column":113}}]},"14":{"loc":{"start":{"line":74,"column":39},"end":{"line":74,"column":73}},"type":"cond-expr","locations":[{"start":{"line":74,"column":52},"end":{"line":74,"column":69}},{"start":{"line":74,"column":69},"end":{"line":74,"column":73}}]}},"s":{"0":4,"1":1,"2":1,"3":1,"4":1,"5":1,"6":1,"7":1,"8":4,"9":4,"10":4,"11":8,"12":4,"13":4,"14":0,"15":4,"16":4,"17":4,"18":4,"19":1,"20":1,"21":1,"22":1,"23":4,"24":0,"25":0},"f":{"0":4,"1":8,"2":0,"3":1,"4":0},"b":{"0":[8,0],"1":[4,0],"2":[3,1],"3":[3,0],"4":[3,1],"5":[1,0],"6":[0,4],"7":[4,0],"8":[3],"9":[4,3],"10":[3,0],"11":[0,4],"12":[0,4],"13":[0,4],"14":[0,4]}}
,"F:\\sprint-12-cine-stream\\src\\components\\Navbar.jsx": {"path":"F:\\sprint-12-cine-stream\\src\\components\\Navbar.jsx","statementMap":{"0":{"start":{"line":8,"column":13},"end":{"line":8,"column":22}},"1":{"start":{"line":3,"column":17},"end":{"line":3,"column":null}},"2":{"start":{"line":4,"column":37},"end":{"line":4,"column":null}},"3":{"start":{"line":5,"column":41},"end":{"line":5,"column":null}},"4":{"start":{"line":6,"column":25},"end":{"line":6,"column":null}},"5":{"start":{"line":8,"column":22},"end":{"line":98,"column":null}},"6":{"start":{"line":9,"column":19},"end":{"line":9,"column":null}},"7":{"start":{"line":11,"column":20},"end":{"line":11,"column":null}},"8":{"start":{"line":11,"column":43},"end":{"line":11,"column":71}},"9":{"start":{"line":12,"column":23},"end":{"line":12,"column":null}},"10":{"start":{"line":12,"column":46},"end":{"line":12,"column":null}},"11":{"start":{"line":13,"column":25},"end":{"line":13,"column":41}},"12":{"start":{"line":74,"column":31},"end":{"line":74,"column":null}}},"fnMap":{"0":{"name":"(anonymous_2)","decl":{"start":{"line":8,"column":22},"end":{"line":8,"column":null}},"loc":{"start":{"line":8,"column":22},"end":{"line":98,"column":null}}},"1":{"name":"(anonymous_3)","decl":{"start":{"line":11,"column":32},"end":{"line":11,"column":33}},"loc":{"start":{"line":11,"column":43},"end":{"line":11,"column":71}}},"2":{"name":"(anonymous_4)","decl":{"start":{"line":12,"column":35},"end":{"line":12,"column":36}},"loc":{"start":{"line":12,"column":46},"end":{"line":12,"column":null}}},"3":{"name":"(anonymous_5)","decl":{"start":{"line":74,"column":24},"end":{"line":74,"column":25}},"loc":{"start":{"line":74,"column":31},"end":{"line":74,"column":null}}}},"branchMap":{"0":{"loc":{"start":{"line":11,"column":43},"end":{"line":11,"column":71}},"type":"binary-expr","locations":[{"start":{"line":11,"column":43},"end":{"line":11,"column":69}},{"start":{"line":11,"column":69},"end":{"line":11,"column":71}}]},"1":{"loc":{"start":{"line":12,"column":46},"end":{"line":12,"column":null}},"type":"binary-expr","locations":[{"start":{"line":12,"column":46},"end":{"line":12,"column":75}},{"start":{"line":12,"column":75},"end":{"line":12,"column":null}}]},"2":{"loc":{"start":{"line":46,"column":51},"end":{"line":46,"column":null}},"type":"cond-expr","locations":[{"start":{"line":46,"column":72},"end":{"line":46,"column":84}},{"start":{"line":46,"column":84},"end":{"line":46,"column":null}}]},"3":{"loc":{"start":{"line":48,"column":13},"end":{"line":48,"column":null}},"type":"binary-expr","locations":[{"start":{"line":48,"column":13},"end":{"line":48,"column":null}}]}},"s":{"0":4,"1":1,"2":1,"3":1,"4":1,"5":1,"6":5,"7":5,"8":10,"9":5,"10":10,"11":5,"12":1},"f":{"0":5,"1":10,"2":10,"3":1},"b":{"0":[10,0],"1":[10,0],"2":[1,4],"3":[5]}}
,"F:\\sprint-12-cine-stream\\src\\store\\slices\\favoritesSlice.js": {"path":"F:\\sprint-12-cine-stream\\src\\store\\slices\\favoritesSlice.js","statementMap":{"0":{"start":{"line":49,"column":0},"end":{"line":49,"column":15}},"1":{"start":{"line":48,"column":31},"end":{"line":48,"column":47}},"2":{"start":{"line":48,"column":15},"end":{"line":48,"column":29}},"3":{"start":{"line":3,"column":28},"end":{"line":3,"column":null}},"4":{"start":{"line":5,"column":20},"end":{"line":5,"column":null}},"5":{"start":{"line":7,"column":21},"end":{"line":10,"column":null}},"6":{"start":{"line":12,"column":23},"end":{"line":46,"column":null}},"7":{"start":{"line":17,"column":20},"end":{"line":17,"column":34}},"8":{"start":{"line":18,"column":20},"end":{"line":18,"column":null}},"9":{"start":{"line":18,"column":49},"end":{"line":18,"column":66}},"10":{"start":{"line":19,"column":6},"end":{"line":23,"column":null}},"11":{"start":{"line":20,"column":8},"end":{"line":20,"column":null}},"12":{"start":{"line":22,"column":8},"end":{"line":22,"column":null}},"13":{"start":{"line":24,"column":6},"end":{"line":30,"column":null}},"14":{"start":{"line":25,"column":8},"end":{"line":29,"column":null}},"15":{"start":{"line":26,"column":10},"end":{"line":26,"column":null}},"16":{"start":{"line":28,"column":10},"end":{"line":28,"column":null}},"17":{"start":{"line":33,"column":6},"end":{"line":42,"column":null}},"18":{"start":{"line":34,"column":8},"end":{"line":41,"column":null}},"19":{"start":{"line":35,"column":24},"end":{"line":35,"column":null}},"20":{"start":{"line":36,"column":10},"end":{"line":38,"column":null}},"21":{"start":{"line":37,"column":12},"end":{"line":37,"column":null}},"22":{"start":{"line":40,"column":10},"end":{"line":40,"column":null}},"23":{"start":{"line":43,"column":6},"end":{"line":43,"column":null}},"24":{"start":{"line":48,"column":52},"end":{"line":48,"column":74}},"25":{"start":{"line":49,"column":15},"end":{"line":49,"column":37}}},"fnMap":{"0":{"name":"(anonymous_4)","decl":{"start":{"line":16,"column":20},"end":{"line":16,"column":21}},"loc":{"start":{"line":16,"column":28},"end":{"line":31,"column":null}}},"1":{"name":"(anonymous_5)","decl":{"start":{"line":18,"column":42},"end":{"line":18,"column":43}},"loc":{"start":{"line":18,"column":49},"end":{"line":18,"column":66}}},"2":{"name":"(anonymous_6)","decl":{"start":{"line":32,"column":22},"end":{"line":32,"column":23}},"loc":{"start":{"line":32,"column":23},"end":{"line":44,"column":null}}}},"branchMap":{"0":{"loc":{"start":{"line":19,"column":6},"end":{"line":23,"column":null}},"type":"if","locations":[{"start":{"line":19,"column":6},"end":{"line":23,"column":null}},{"start":{"line":21,"column":13},"end":{"line":23,"column":null}}]},"1":{"loc":{"start":{"line":24,"column":6},"end":{"line":30,"column":null}},"type":"if","locations":[{"start":{"line":24,"column":6},"end":{"line":30,"column":null}},{"start":{},"end":{}}]},"2":{"loc":{"start":{"line":33,"column":6},"end":{"line":42,"column":null}},"type":"if","locations":[{"start":{"line":33,"column":6},"end":{"line":42,"column":null}},{"start":{},"end":{}}]},"3":{"loc":{"start":{"line":36,"column":10},"end":{"line":38,"column":null}},"type":"if","locations":[{"start":{"line":36,"column":10},"end":{"line":38,"column":null}},{"start":{},"end":{}}]}},"s":{"0":3,"1":1,"2":3,"3":2,"4":2,"5":2,"6":2,"7":2,"8":2,"9":1,"10":2,"11":1,"12":1,"13":2,"14":2,"15":2,"16":0,"17":1,"18":1,"19":1,"20":1,"21":1,"22":0,"23":1,"24":2,"25":2},"f":{"0":2,"1":1,"2":1},"b":{"0":[1,1],"1":[2,0],"2":[1,0],"3":[1,0]}}
,"F:\\sprint-12-cine-stream\\src\\store\\slices\\filterSlice.js": {"path":"F:\\sprint-12-cine-stream\\src\\store\\slices\\filterSlice.js","statementMap":{"0":{"start":{"line":51,"column":0},"end":{"line":51,"column":15}},"1":{"start":{"line":48,"column":2},"end":{"line":48,"column":14}},"2":{"start":{"line":43,"column":2},"end":{"line":43,"column":10}},"3":{"start":{"line":45,"column":2},"end":{"line":45,"column":14}},"4":{"start":{"line":47,"column":2},"end":{"line":47,"column":16}},"5":{"start":{"line":46,"column":2},"end":{"line":46,"column":11}},"6":{"start":{"line":44,"column":2},"end":{"line":44,"column":9}},"7":{"start":{"line":3,"column":28},"end":{"line":3,"column":null}},"8":{"start":{"line":5,"column":21},"end":{"line":11,"column":null}},"9":{"start":{"line":13,"column":20},"end":{"line":40,"column":null}},"10":{"start":{"line":18,"column":6},"end":{"line":18,"column":null}},"11":{"start":{"line":21,"column":6},"end":{"line":21,"column":null}},"12":{"start":{"line":24,"column":6},"end":{"line":24,"column":null}},"13":{"start":{"line":27,"column":6},"end":{"line":27,"column":null}},"14":{"start":{"line":30,"column":6},"end":{"line":30,"column":null}},"15":{"start":{"line":33,"column":6},"end":{"line":33,"column":null}},"16":{"start":{"line":34,"column":6},"end":{"line":34,"column":null}},"17":{"start":{"line":35,"column":6},"end":{"line":35,"column":null}},"18":{"start":{"line":36,"column":6},"end":{"line":36,"column":null}},"19":{"start":{"line":37,"column":6},"end":{"line":37,"column":null}},"20":{"start":{"line":49,"column":4},"end":{"line":49,"column":23}},"21":{"start":{"line":51,"column":15},"end":{"line":51,"column":34}}},"fnMap":{"0":{"name":"(anonymous_8)","decl":{"start":{"line":17,"column":14},"end":{"line":17,"column":15}},"loc":{"start":{"line":17,"column":22},"end":{"line":19,"column":null}}},"1":{"name":"(anonymous_9)","decl":{"start":{"line":20,"column":13},"end":{"line":20,"column":14}},"loc":{"start":{"line":20,"column":21},"end":{"line":22,"column":null}}},"2":{"name":"(anonymous_10)","decl":{"start":{"line":23,"column":18},"end":{"line":23,"column":19}},"loc":{"start":{"line":23,"column":26},"end":{"line":25,"column":null}}},"3":{"name":"(anonymous_11)","decl":{"start":{"line":26,"column":15},"end":{"line":26,"column":16}},"loc":{"start":{"line":26,"column":23},"end":{"line":28,"column":null}}},"4":{"name":"(anonymous_12)","decl":{"start":{"line":29,"column":20},"end":{"line":29,"column":21}},"loc":{"start":{"line":29,"column":28},"end":{"line":31,"column":null}}},"5":{"name":"(anonymous_13)","decl":{"start":{"line":32,"column":18},"end":{"line":32,"column":19}},"loc":{"start":{"line":32,"column":19},"end":{"line":38,"column":null}}}},"branchMap":{},"s":{"0":8,"1":2,"2":2,"3":1,"4":1,"5":1,"6":2,"7":3,"8":3,"9":3,"10":2,"11":2,"12":1,"13":1,"14":1,"15":2,"16":2,"17":2,"18":2,"19":2,"20":3,"21":3},"f":{"0":2,"1":2,"2":1,"3":1,"4":1,"5":2},"b":{}}
,"F:\\sprint-12-cine-stream\\src\\store\\slices\\themeSlice.js": {"path":"F:\\sprint-12-cine-stream\\src\\store\\slices\\themeSlice.js","statementMap":{"0":{"start":{"line":41,"column":0},"end":{"line":41,"column":15}},"1":{"start":{"line":40,"column":25},"end":{"line":40,"column":37}},"2":{"start":{"line":40,"column":15},"end":{"line":40,"column":23}},"3":{"start":{"line":3,"column":28},"end":{"line":3,"column":null}},"4":{"start":{"line":5,"column":20},"end":{"line":5,"column":null}},"5":{"start":{"line":7,"column":21},"end":{"line":9,"column":null}},"6":{"start":{"line":11,"column":19},"end":{"line":38,"column":null}},"7":{"start":{"line":16,"column":6},"end":{"line":16,"column":null}},"8":{"start":{"line":17,"column":6},"end":{"line":24,"column":null}},"9":{"start":{"line":18,"column":8},"end":{"line":23,"column":null}},"10":{"start":{"line":19,"column":10},"end":{"line":19,"column":null}},"11":{"start":{"line":20,"column":10},"end":{"line":20,"column":null}},"12":{"start":{"line":22,"column":10},"end":{"line":22,"column":null}},"13":{"start":{"line":27,"column":6},"end":{"line":35,"column":null}},"14":{"start":{"line":28,"column":8},"end":{"line":34,"column":null}},"15":{"start":{"line":29,"column":24},"end":{"line":29,"column":null}},"16":{"start":{"line":30,"column":10},"end":{"line":30,"column":null}},"17":{"start":{"line":31,"column":10},"end":{"line":31,"column":null}},"18":{"start":{"line":33,"column":10},"end":{"line":33,"column":null}},"19":{"start":{"line":40,"column":42},"end":{"line":40,"column":60}},"20":{"start":{"line":41,"column":15},"end":{"line":41,"column":33}}},"fnMap":{"0":{"name":"(anonymous_4)","decl":{"start":{"line":15,"column":14},"end":{"line":15,"column":15}},"loc":{"start":{"line":15,"column":22},"end":{"line":25,"column":null}}},"1":{"name":"(anonymous_5)","decl":{"start":{"line":26,"column":18},"end":{"line":26,"column":19}},"loc":{"start":{"line":26,"column":19},"end":{"line":36,"column":null}}}},"branchMap":{"0":{"loc":{"start":{"line":17,"column":6},"end":{"line":24,"column":null}},"type":"if","locations":[{"start":{"line":17,"column":6},"end":{"line":24,"column":null}},{"start":{},"end":{}}]},"1":{"loc":{"start":{"line":27,"column":6},"end":{"line":35,"column":null}},"type":"if","locations":[{"start":{"line":27,"column":6},"end":{"line":35,"column":null}},{"start":{},"end":{}}]},"2":{"loc":{"start":{"line":29,"column":24},"end":{"line":29,"column":null}},"type":"binary-expr","locations":[{"start":{"line":29,"column":24},"end":{"line":29,"column":61}},{"start":{"line":29,"column":61},"end":{"line":29,"column":null}}]}},"s":{"0":2,"1":1,"2":2,"3":2,"4":2,"5":2,"6":2,"7":1,"8":1,"9":1,"10":1,"11":1,"12":0,"13":1,"14":1,"15":1,"16":1,"17":1,"18":0,"19":2,"20":2},"f":{"0":1,"1":1},"b":{"0":[1,0],"1":[1,0],"2":[1,0]}}
}
