TN:
SF:src\api\tmdb.js
FN:6,(anonymous_6)
FN:12,(anonymous_7)
FN:22,(anonymous_8)
FN:46,(anonymous_9)
FN:71,(anonymous_10)
FNF:5
FNH:5
FNDA:8,(anonymous_6)
FNDA:2,(anonymous_7)
FNDA:1,(anonymous_8)
FNDA:2,(anonymous_9)
FNDA:1,(anonymous_10)
DA:1,2
DA:2,2
DA:4,2
DA:6,8
DA:7,8
DA:8,5
DA:9,4
DA:12,2
DA:20,2
DA:22,2
DA:23,1
DA:24,1
DA:25,1
DA:26,1
DA:28,1
DA:29,1
DA:30,1
DA:32,1
DA:33,1
DA:40,0
DA:43,0
DA:46,2
DA:47,2
DA:48,1
DA:51,1
DA:52,1
DA:53,1
DA:54,1
DA:56,1
DA:57,1
DA:58,1
DA:65,0
DA:68,0
DA:71,2
DA:72,1
DA:74,1
DA:75,1
DA:76,1
DA:77,1
DA:79,1
DA:80,1
DA:97,0
DA:100,0
LF:43
LH:37
BRDA:1,0,0,2
BRDA:1,0,1,2
BRDA:7,1,0,3
BRDA:7,1,1,5
BRDA:7,2,0,8
BRDA:7,2,1,6
BRDA:8,3,0,1
BRDA:8,3,1,4
BRDA:16,4,0,2
BRDA:16,4,1,0
BRDA:16,5,0,2
BRDA:16,5,1,2
BRDA:22,6,0,0
BRDA:32,7,0,1
BRDA:32,7,1,0
BRDA:32,8,0,1
BRDA:32,8,1,1
BRDA:46,9,0,2
BRDA:47,10,0,1
BRDA:47,10,1,1
BRDA:47,11,0,2
BRDA:47,11,1,1
BRDA:56,12,0,1
BRDA:56,12,1,0
BRDA:56,13,0,1
BRDA:56,13,1,1
BRDA:57,14,0,1
BRDA:57,14,1,0
BRDA:72,15,0,0
BRDA:72,15,1,1
BRDA:72,16,0,1
BRDA:72,16,1,1
BRDA:72,16,2,1
BRDA:79,17,0,1
BRDA:79,17,1,0
BRDA:79,18,0,1
BRDA:79,18,1,1
BRDA:91,19,0,1
BRDA:91,19,1,0
BRF:39
BRH:31
end_of_record
TN:
SF:src\components\FilterSidebar.jsx
FN:24,(anonymous_1)
FN:26,(anonymous_2)
FN:30,(anonymous_3)
FN:41,(anonymous_4)
FN:55,(anonymous_5)
FN:58,(anonymous_6)
FN:77,(anonymous_7)
FN:82,(anonymous_8)
FN:82,(anonymous_9)
FN:107,(anonymous_10)
FN:119,(anonymous_11)
FNF:11
FNH:9
FNDA:112,(anonymous_1)
FNDA:5,(anonymous_2)
FNDA:10,(anonymous_3)
FNDA:1,(anonymous_4)
FNDA:40,(anonymous_5)
FNDA:1,(anonymous_6)
FNDA:1,(anonymous_7)
FNDA:285,(anonymous_8)
FNDA:280,(anonymous_9)
FNDA:0,(anonymous_10)
FNDA:0,(anonymous_11)
DA:3,2
DA:10,2
DA:11,2
DA:13,2
DA:24,112
DA:26,2
DA:27,5
DA:29,5
DA:30,10
DA:41,1
DA:56,40
DA:58,1
DA:77,1
DA:82,285
DA:83,280
DA:107,0
DA:119,0
LF:17
LH:15
BRDA:61,0,0,5
BRDA:61,0,1,35
BRDA:96,1,0,0
BRDA:96,1,1,5
BRF:4
BRH:3
end_of_record
TN:
SF:src\components\MovieCard.jsx
FN:10,(anonymous_2)
FN:14,(anonymous_3)
FN:16,(anonymous_4)
FN:28,(anonymous_5)
FN:56,(anonymous_6)
FNF:5
FNH:3
FNDA:4,(anonymous_2)
FNDA:8,(anonymous_3)
FNDA:0,(anonymous_4)
FNDA:1,(anonymous_5)
FNDA:0,(anonymous_6)
DA:3,1
DA:4,1
DA:5,1
DA:6,1
DA:7,1
DA:8,1
DA:10,4
DA:11,4
DA:12,4
DA:14,8
DA:15,4
DA:16,4
DA:18,4
DA:20,4
DA:24,4
DA:28,4
DA:29,1
DA:30,1
DA:31,1
DA:32,1
DA:36,4
DA:56,0
LF:22
LH:21
BRDA:14,0,0,8
BRDA:14,0,1,0
BRDA:15,1,0,4
BRDA:15,1,1,0
BRDA:20,2,0,3
BRDA:20,2,1,1
BRDA:21,3,0,3
BRDA:21,3,1,0
BRDA:24,4,0,3
BRDA:24,4,1,1
BRDA:31,5,0,1
BRDA:31,5,1,0
BRDA:36,6,0,0
BRDA:36,6,1,4
BRDA:43,7,0,4
BRDA:43,7,1,0
BRDA:48,8,0,3
BRDA:47,9,0,4
BRDA:47,9,1,3
BRDA:50,10,0,3
BRDA:50,10,1,0
BRDA:67,11,0,0
BRDA:67,11,1,4
BRDA:68,12,0,0
BRDA:68,12,1,4
BRDA:69,13,0,0
BRDA:69,13,1,4
BRDA:74,14,0,0
BRDA:74,14,1,4
BRF:29
BRH:18
end_of_record
TN:
SF:src\components\Navbar.jsx
FN:8,(anonymous_2)
FN:11,(anonymous_3)
FN:12,(anonymous_4)
FN:74,(anonymous_5)
FNF:4
FNH:4
FNDA:5,(anonymous_2)
FNDA:10,(anonymous_3)
FNDA:10,(anonymous_4)
FNDA:1,(anonymous_5)
DA:3,1
DA:4,1
DA:5,1
DA:6,1
DA:8,4
DA:9,5
DA:11,10
DA:12,10
DA:13,5
DA:74,1
LF:10
LH:10
BRDA:11,0,0,10
BRDA:11,0,1,0
BRDA:12,1,0,10
BRDA:12,1,1,0
BRDA:46,2,0,1
BRDA:46,2,1,4
BRDA:48,3,0,5
BRF:7
BRH:5
end_of_record
TN:
SF:src\store\slices\favoritesSlice.js
FN:16,(anonymous_4)
FN:18,(anonymous_5)
FN:32,(anonymous_6)
FNF:3
FNH:3
FNDA:2,(anonymous_4)
FNDA:1,(anonymous_5)
FNDA:1,(anonymous_6)
DA:3,2
DA:5,2
DA:7,2
DA:12,2
DA:17,2
DA:18,2
DA:19,2
DA:20,1
DA:22,1
DA:24,2
DA:25,2
DA:26,2
DA:28,0
DA:33,1
DA:34,1
DA:35,1
DA:36,1
DA:37,1
DA:40,0
DA:43,1
DA:48,3
DA:49,3
LF:22
LH:20
BRDA:19,0,0,1
BRDA:19,0,1,1
BRDA:24,1,0,2
BRDA:24,1,1,0
BRDA:33,2,0,1
BRDA:33,2,1,0
BRDA:36,3,0,1
BRDA:36,3,1,0
BRF:8
BRH:5
end_of_record
TN:
SF:src\store\slices\filterSlice.js
FN:17,(anonymous_8)
FN:20,(anonymous_9)
FN:23,(anonymous_10)
FN:26,(anonymous_11)
FN:29,(anonymous_12)
FN:32,(anonymous_13)
FNF:6
FNH:6
FNDA:2,(anonymous_8)
FNDA:2,(anonymous_9)
FNDA:1,(anonymous_10)
FNDA:1,(anonymous_11)
FNDA:1,(anonymous_12)
FNDA:2,(anonymous_13)
DA:3,3
DA:5,3
DA:13,3
DA:18,2
DA:21,2
DA:24,1
DA:27,1
DA:30,1
DA:33,2
DA:34,2
DA:35,2
DA:36,2
DA:37,2
DA:43,2
DA:44,2
DA:45,1
DA:46,1
DA:47,1
DA:48,2
DA:49,3
DA:51,8
LF:21
LH:21
BRF:0
BRH:0
end_of_record
TN:
SF:src\store\slices\themeSlice.js
FN:15,(anonymous_4)
FN:26,(anonymous_5)
FNF:2
FNH:2
FNDA:1,(anonymous_4)
FNDA:1,(anonymous_5)
DA:3,2
DA:5,2
DA:7,2
DA:11,2
DA:16,1
DA:17,1
DA:18,1
DA:19,1
DA:20,1
DA:22,0
DA:27,1
DA:28,1
DA:29,1
DA:30,1
DA:31,1
DA:33,0
DA:40,2
DA:41,2
LF:18
LH:16
BRDA:17,0,0,1
BRDA:17,0,1,0
BRDA:27,1,0,1
BRDA:27,1,1,0
BRDA:29,2,0,1
BRDA:29,2,1,0
BRF:6
BRH:3
end_of_record
